\BOOKMARK [0][-]{chapter.1}{\376\377\000I\000n\000t\000r\000o\000d\000u\000c\000e\000r\000e}{}% 1
\BOOKMARK [0][-]{chapter.1}{\376\377\000I\000n\000t\000r\000o\000d\000u\000c\000e\000r\000e}{}% 2
\BOOKMARK [1][-]{section.1.1}{\376\377\000D\000e\000s\000c\000r\000i\000e\000r\000e\000a\000\040\000p\000r\000o\000b\000l\000e\000m\000e\000i}{chapter.1}% 3
\BOOKMARK [0][-]{chapter.2}{\376\377\000S\000o\000l\000u\000t\000i\000i\000\040\000S\000i\000m\000i\000l\000a\000r\000e}{}% 4
\BOOKMARK [0][-]{chapter.2}{\376\377\000S\000o\000l\000u\000t\000i\000i\000\040\000s\000i\000m\000i\000l\000a\000r\000e}{}% 5
\BOOKMARK [1][-]{section.2.1}{\376\377\000S\000e\000r\000v\000i\000c\000i\000i\000\040\000d\000e\000\040\000c\000o\000n\000s\000u\000l\000t\000a\000n\000t\000a}{chapter.2}% 6
\BOOKMARK [2][-]{subsection.2.1.1}{\376\377\000G\000r\000a\000d\000c\000o\000a\000c\000h}{section.2.1}% 7
\BOOKMARK [2][-]{subsection.2.1.2}{\376\377\000T\000h\000e\000s\000i\000s\000H\000e\000l\000p\000e\000r\000s}{section.2.1}% 8
\BOOKMARK [2][-]{subsection.2.1.3}{\376\377\000C\000o\000m\000p\000a\000r\000a\001\143\000i\000e}{section.2.1}% 9
\BOOKMARK [1][-]{section.2.2}{\376\377\000P\000l\000a\000t\000f\000o\000r\000m\000e\000\040\000d\000e\000\040\000m\000a\000t\000c\000h\000m\000a\000k\000i\000n\000g}{chapter.2}% 10
\BOOKMARK [2][-]{subsection.2.2.1}{\376\377\000F\000i\000v\000e\000r\000r}{section.2.2}% 11
\BOOKMARK [2][-]{subsection.2.2.2}{\376\377\000F\000r\000e\000e\000l\000a\000n\000c\000e\000r}{section.2.2}% 12
\BOOKMARK [2][-]{subsection.2.2.3}{\376\377\000M\000e\000n\000t\000o\000r\000N\000e\000t}{section.2.2}% 13
\BOOKMARK [2][-]{subsection.2.2.4}{\376\377\000C\000o\000m\000p\000a\000r\000a\000t\000i\000e}{section.2.2}% 14
\BOOKMARK [0][-]{chapter.3}{\376\377\000A\000r\000h\000i\000t\000e\000c\000t\000u\000r\000a\000\040\000s\000i\000\040\000f\000a\000c\000i\000l\000i\000t\001\003\002\033\000i\000l\000e\000\040\000a\000p\000l\000i\000c\000a\002\033\000i\000e\000i}{}% 15
\BOOKMARK [1][-]{section.3.1}{\376\377\000C\000a\000z\000u\000r\000i\000\040\000d\000e\000\040\000u\000t\000i\000l\000i\000z\000a\000r\000e\000\040\000p\000e\000n\000t\000r\000u\000\040\000u\000t\000i\000l\000i\000z\000a\000t\000o\000r\000i\000i\000\040\000s\000t\000a\000n\000d\000a\000r\000d}{chapter.3}% 16
\BOOKMARK [1][-]{section.3.2}{\376\377\000C\000a\000z\000u\000r\000i\000\040\000d\000e\000\040\000u\000t\000i\000l\000i\000z\000a\000r\000e\000\040\000p\000e\000n\000t\000r\000u\000\040\000a\000d\000m\000i\000n\000i\000s\000t\000r\000a\000t\000o\000r\000i}{chapter.3}% 17
\BOOKMARK [1][-]{section.3.3}{\376\377\000D\000e\000s\000i\000g\000n\000-\000u\000l\000\040\000b\000a\000z\000e\000i\000\040\000d\000e\000\040\000d\000a\000t\000e}{chapter.3}% 18
\BOOKMARK [2][-]{subsection.3.3.1}{\376\377\000P\000r\000i\000v\000i\000r\000e\000\040\000d\000e\000\040\000a\000n\000s\000a\000m\000b\000l\000u}{section.3.3}% 19
\BOOKMARK [2][-]{subsection.3.3.2}{\376\377\000A\000n\000a\000l\000i\000z\000a\000\040\000c\000o\000l\000e\000c\001\143\000i\000i\000l\000o\000r\000\040\000d\000i\000n\000\040\000b\000a\000z\000a\000\040\000d\000e\000\040\000d\000a\000t\000e}{section.3.3}% 20
\BOOKMARK [0][-]{chapter.4}{\376\377\000D\000e\000t\000a\000l\000i\000i\000\040\000d\000e\000\040\000i\000m\000p\000l\000e\000m\000e\000n\000t\000a\000r\000e}{}% 21
\BOOKMARK [1][-]{section.4.1}{\376\377\000T\000e\000h\000n\000o\000l\000o\000g\000i\000i\000l\000e\000\040\000a\000l\000e\000s\000e}{chapter.4}% 22
\BOOKMARK [2][-]{subsection.4.1.1}{\376\377\000F\000r\000o\000n\000t\000e\000n\000d}{section.4.1}% 23
\BOOKMARK [2][-]{subsection.4.1.2}{\376\377\000B\000a\000c\000k\000e\000n\000d}{section.4.1}% 24
\BOOKMARK [2][-]{subsection.4.1.3}{\376\377\000G\000e\000n\000e\000r\000a\000l}{section.4.1}% 25
\BOOKMARK [1][-]{section.4.2}{\376\377\000M\000a\000n\000u\000a\000l\000\040\000d\000e\000\040\000I\000m\000p\000l\000e\000m\000e\000n\000t\000a\000r\000e}{chapter.4}% 26
\BOOKMARK [2][-]{subsection.4.2.1}{\376\377\000B\000a\000c\000k\000e\000n\000d}{section.4.2}% 27
\BOOKMARK [2][-]{subsection.4.2.2}{\376\377\000f\000r\000o\000n\000t\000e\000n\000d}{section.4.2}% 28
\BOOKMARK [1][-]{section.4.3}{\376\377\000m\000a\000n\000u\000a\000l\000\040\000d\000e\000\040\000u\000t\000i\000l\000i\000z\000a\000r\000e}{chapter.4}% 29
\BOOKMARK [0][-]{chapter.5}{\376\377\000C\000o\000n\000c\000l\000u\000z\000i\000i\000\040\000s\000i\000\040\000d\000i\000r\000e\000c\000t\000i\000i\000\040\000v\000i\000i\000t\000o\000a\000r\000e}{}% 30
\BOOKMARK [1][-]{section.5.1}{\376\377\000d\000i\000r\000e\000c\000t\000i\000i\000\040\000v\000i\000i\000t\000o\000a\000r\000e}{chapter.5}% 31
