This is pdfTeX, Version 3.141592653-2.6-1.40.25 (MiKTeX 23.5) (preloaded format=pdflatex 2023.6.20)  29 JUN 2023 23:05
entering extended mode
 restricted \write18 enabled.
 file:line:error style messages enabled.
 %&-line parsing enabled.
**e:/Programming_stuff/Licenta2/Misancelous/ThesisHub.tex
(e:/Programming_stuff/Licenta2/Misancelous/ThesisHub.tex
LaTeX2e <2023-06-01>
L3 programming layer <2023-06-16>
(C:\Users\Vlad\AppData\Local\Programs\MiKTeX\tex/latex/base\report.cls
Document Class: report 2023/05/17 v1.4n Standard LaTeX document class
(C:\Users\Vlad\AppData\Local\Programs\MiKTeX\tex/latex/base\size12.clo
File: size12.clo 2023/05/17 v1.4n Standard LaTeX file (size option)
)
\c@part=\count185
\c@chapter=\count186
\c@section=\count187
\c@subsection=\count188
\c@subsubsection=\count189
\c@paragraph=\count190
\c@subparagraph=\count191
\c@figure=\count192
\c@table=\count193
\abovecaptionskip=\skip48
\belowcaptionskip=\skip49
\bibindent=\dimen140
) (C:\Users\Vlad\AppData\Local\Programs\MiKTeX\tex/latex/amsmath\amsmath.sty
Package: amsmath 2023/05/13 v2.17o AMS math features
\@mathmargin=\skip50

For additional information on amsmath, use the `?' option.
(C:\Users\Vlad\AppData\Local\Programs\MiKTeX\tex/latex/amsmath\amstext.sty
Package: amstext 2021/08/26 v2.01 AMS text
 (C:\Users\Vlad\AppData\Local\Programs\MiKTeX\tex/latex/amsmath\amsgen.sty
File: amsgen.sty 1999/11/30 v2.0 generic functions
\@emptytoks=\toks17
\ex@=\dimen141
)) (C:\Users\Vlad\AppData\Local\Programs\MiKTeX\tex/latex/amsmath\amsbsy.sty
Package: amsbsy 1999/11/29 v1.2d Bold Symbols
\pmbraise@=\dimen142
) (C:\Users\Vlad\AppData\Local\Programs\MiKTeX\tex/latex/amsmath\amsopn.sty
Package: amsopn 2022/04/08 v2.04 operator names
)
\inf@bad=\count194
LaTeX Info: Redefining \frac on input line 234.
\uproot@=\count195
\leftroot@=\count196
LaTeX Info: Redefining \overline on input line 399.
LaTeX Info: Redefining \colon on input line 410.
\classnum@=\count197
\DOTSCASE@=\count198
LaTeX Info: Redefining \ldots on input line 496.
LaTeX Info: Redefining \dots on input line 499.
LaTeX Info: Redefining \cdots on input line 620.
\Mathstrutbox@=\box51
\strutbox@=\box52
LaTeX Info: Redefining \big on input line 722.
LaTeX Info: Redefining \Big on input line 723.
LaTeX Info: Redefining \bigg on input line 724.
LaTeX Info: Redefining \Bigg on input line 725.
\big@size=\dimen143
LaTeX Font Info:    Redeclaring font encoding OML on input line 743.
LaTeX Font Info:    Redeclaring font encoding OMS on input line 744.
\macc@depth=\count199
LaTeX Info: Redefining \bmod on input line 905.
LaTeX Info: Redefining \pmod on input line 910.
LaTeX Info: Redefining \smash on input line 940.
LaTeX Info: Redefining \relbar on input line 970.
LaTeX Info: Redefining \Relbar on input line 971.
\c@MaxMatrixCols=\count266
\dotsspace@=\muskip16
\c@parentequation=\count267
\dspbrk@lvl=\count268
\tag@help=\toks18
\row@=\count269
\column@=\count270
\maxfields@=\count271
\andhelp@=\toks19
\eqnshift@=\dimen144
\alignsep@=\dimen145
\tagshift@=\dimen146
\tagwidth@=\dimen147
\totwidth@=\dimen148
\lineht@=\dimen149
\@envbody=\toks20
\multlinegap=\skip51
\multlinetaggap=\skip52
\mathdisplay@stack=\toks21
LaTeX Info: Redefining \[ on input line 2953.
LaTeX Info: Redefining \] on input line 2954.
) (C:\Users\Vlad\AppData\Local\Programs\MiKTeX\tex/latex/amscls\amsthm.sty
Package: amsthm 2020/05/29 v2.20.6
\thm@style=\toks22
\thm@bodyfont=\toks23
\thm@headfont=\toks24
\thm@notefont=\toks25
\thm@headpunct=\toks26
\thm@preskip=\skip53
\thm@postskip=\skip54
\thm@headsep=\skip55
\dth@everypar=\toks27
) (C:\Users\Vlad\AppData\Local\Programs\MiKTeX\tex/latex/amsfonts\amssymb.sty
Package: amssymb 2013/01/14 v3.01 AMS font symbols
 (C:\Users\Vlad\AppData\Local\Programs\MiKTeX\tex/latex/amsfonts\amsfonts.sty
Package: amsfonts 2013/01/14 v3.01 Basic AMSFonts support
\symAMSa=\mathgroup4
\symAMSb=\mathgroup5
LaTeX Font Info:    Redeclaring math symbol \hbar on input line 98.
LaTeX Font Info:    Overwriting math alphabet `\mathfrak' in version `bold'
(Font)                  U/euf/m/n --> U/euf/b/n on input line 106.
)) (C:\Users\Vlad\AppData\Local\Programs\MiKTeX\tex/latex/graphics\graphicx.sty
Package: graphicx 2021/09/16 v1.2d Enhanced LaTeX Graphics (DPC,SPQR)
 (C:\Users\Vlad\AppData\Local\Programs\MiKTeX\tex/latex/graphics\keyval.sty
Package: keyval 2022/05/29 v1.15 key=value parser (DPC)
\KV@toks@=\toks28
) (C:\Users\Vlad\AppData\Local\Programs\MiKTeX\tex/latex/graphics\graphics.sty
Package: graphics 2022/03/10 v1.4e Standard LaTeX Graphics (DPC,SPQR)
 (C:\Users\Vlad\AppData\Local\Programs\MiKTeX\tex/latex/graphics\trig.sty
Package: trig 2021/08/11 v1.11 sin cos tan (DPC)
) (C:\Users\Vlad\AppData\Local\Programs\MiKTeX\tex/latex/graphics-cfg\graphics.cfg
File: graphics.cfg 2016/06/04 v1.11 sample graphics configuration
)
Package graphics Info: Driver file: pdftex.def on input line 107.
 (C:\Users\Vlad\AppData\Local\Programs\MiKTeX\tex/latex/graphics-def\pdftex.def
File: pdftex.def 2022/09/22 v1.2b Graphics/color driver for pdftex
))
\Gin@req@height=\dimen150
\Gin@req@width=\dimen151
) (C:\Users\Vlad\AppData\Local\Programs\MiKTeX\tex/latex/hyperref\hyperref.sty
Package: hyperref 2023-05-16 v7.00y Hypertext links for LaTeX
 (C:\Users\Vlad\AppData\Local\Programs\MiKTeX\tex/generic/ltxcmds\ltxcmds.sty
Package: ltxcmds 2020-05-10 v1.25 LaTeX kernel commands for general use (HO)
) (C:\Users\Vlad\AppData\Local\Programs\MiKTeX\tex/generic/iftex\iftex.sty
Package: iftex 2022/02/03 v1.0f TeX engine tests
) (C:\Users\Vlad\AppData\Local\Programs\MiKTeX\tex/generic/pdftexcmds\pdftexcmds.sty
Package: pdftexcmds 2020-06-27 v0.33 Utility functions of pdfTeX for LuaTeX (HO)
 (C:\Users\Vlad\AppData\Local\Programs\MiKTeX\tex/generic/infwarerr\infwarerr.sty
Package: infwarerr 2019/12/03 v1.5 Providing info/warning/error messages (HO)
)
Package pdftexcmds Info: \pdf@primitive is available.
Package pdftexcmds Info: \pdf@ifprimitive is available.
Package pdftexcmds Info: \pdfdraftmode found.
) (C:\Users\Vlad\AppData\Local\Programs\MiKTeX\tex/latex/kvsetkeys\kvsetkeys.sty
Package: kvsetkeys 2022-10-05 v1.19 Key value parser (HO)
) (C:\Users\Vlad\AppData\Local\Programs\MiKTeX\tex/generic/kvdefinekeys\kvdefinekeys.sty
Package: kvdefinekeys 2019-12-19 v1.6 Define keys (HO)
) (C:\Users\Vlad\AppData\Local\Programs\MiKTeX\tex/generic/pdfescape\pdfescape.sty
Package: pdfescape 2019/12/09 v1.15 Implements pdfTeX's escape features (HO)
) (C:\Users\Vlad\AppData\Local\Programs\MiKTeX\tex/latex/hycolor\hycolor.sty
Package: hycolor 2020-01-27 v1.10 Color options for hyperref/bookmark (HO)
) (C:\Users\Vlad\AppData\Local\Programs\MiKTeX\tex/latex/letltxmacro\letltxmacro.sty
Package: letltxmacro 2019/12/03 v1.6 Let assignment for LaTeX macros (HO)
) (C:\Users\Vlad\AppData\Local\Programs\MiKTeX\tex/latex/auxhook\auxhook.sty
Package: auxhook 2019-12-17 v1.6 Hooks for auxiliary files (HO)
) (C:\Users\Vlad\AppData\Local\Programs\MiKTeX\tex/latex/hyperref\nameref.sty
Package: nameref 2023-05-16 v2.51 Cross-referencing by name of section
 (C:\Users\Vlad\AppData\Local\Programs\MiKTeX\tex/latex/refcount\refcount.sty
Package: refcount 2019/12/15 v3.6 Data extraction from label references (HO)
) (C:\Users\Vlad\AppData\Local\Programs\MiKTeX\tex/generic/gettitlestring\gettitlestring.sty
Package: gettitlestring 2019/12/15 v1.6 Cleanup title references (HO)
 (C:\Users\Vlad\AppData\Local\Programs\MiKTeX\tex/latex/kvoptions\kvoptions.sty
Package: kvoptions 2022-06-15 v3.15 Key value format for package options (HO)
))
\c@section@level=\count272
) (C:\Users\Vlad\AppData\Local\Programs\MiKTeX\tex/latex/etoolbox\etoolbox.sty
Package: etoolbox 2020/10/05 v2.5k e-TeX tools for LaTeX (JAW)
\etb@tempcnta=\count273
)
\@linkdim=\dimen152
\Hy@linkcounter=\count274
\Hy@pagecounter=\count275
 (C:\Users\Vlad\AppData\Local\Programs\MiKTeX\tex/latex/hyperref\pd1enc.def
File: pd1enc.def 2023-05-16 v7.00y Hyperref: PDFDocEncoding definition (HO)
Now handling font encoding PD1 ...
... no UTF-8 mapping file for font encoding PD1
) (C:\Users\Vlad\AppData\Local\Programs\MiKTeX\tex/generic/intcalc\intcalc.sty
Package: intcalc 2019/12/15 v1.3 Expandable calculations with integers (HO)
)
\Hy@SavedSpaceFactor=\count276
 (C:\Users\Vlad\AppData\Local\Programs\MiKTeX\tex/latex/hyperref\puenc.def
File: puenc.def 2023-05-16 v7.00y Hyperref: PDF Unicode definition (HO)
Now handling font encoding PU ...
... no UTF-8 mapping file for font encoding PU
)
Package hyperref Info: Hyper figures OFF on input line 4167.
Package hyperref Info: Link nesting OFF on input line 4172.
Package hyperref Info: Hyper index ON on input line 4175.
Package hyperref Info: Plain pages OFF on input line 4182.
Package hyperref Info: Backreferencing OFF on input line 4187.
Package hyperref Info: Implicit mode ON; LaTeX internals redefined.
Package hyperref Info: Bookmarks ON on input line 4434.
\c@Hy@tempcnt=\count277
 (C:\Users\Vlad\AppData\Local\Programs\MiKTeX\tex/latex/url\url.sty
\Urlmuskip=\muskip17
Package: url 2013/09/16  ver 3.4  Verb mode for urls, etc.
)
LaTeX Info: Redefining \url on input line 4772.
\XeTeXLinkMargin=\dimen153
 (C:\Users\Vlad\AppData\Local\Programs\MiKTeX\tex/generic/bitset\bitset.sty
Package: bitset 2019/12/09 v1.3 Handle bit-vector datatype (HO)
 (C:\Users\Vlad\AppData\Local\Programs\MiKTeX\tex/generic/bigintcalc\bigintcalc.sty
Package: bigintcalc 2019/12/15 v1.5 Expandable calculations on big integers (HO)
))
\Fld@menulength=\count278
\Field@Width=\dimen154
\Fld@charsize=\dimen155
Package hyperref Info: Hyper figures OFF on input line 6051.
Package hyperref Info: Link nesting OFF on input line 6056.
Package hyperref Info: Hyper index ON on input line 6059.
Package hyperref Info: backreferencing OFF on input line 6066.
Package hyperref Info: Link coloring OFF on input line 6071.
Package hyperref Info: Link coloring with OCG OFF on input line 6076.
Package hyperref Info: PDF/A mode OFF on input line 6081.
 (C:\Users\Vlad\AppData\Local\Programs\MiKTeX\tex/latex/base\atbegshi-ltx.sty
Package: atbegshi-ltx 2021/01/10 v1.0c Emulation of the original atbegshi
package with kernel methods
)
\Hy@abspage=\count279
\c@Item=\count280
\c@Hfootnote=\count281
)
Package hyperref Info: Driver (autodetected): hpdftex.
 (C:\Users\Vlad\AppData\Local\Programs\MiKTeX\tex/latex/hyperref\hpdftex.def
File: hpdftex.def 2023-05-16 v7.00y Hyperref driver for pdfTeX
 (C:\Users\Vlad\AppData\Local\Programs\MiKTeX\tex/latex/base\atveryend-ltx.sty
Package: atveryend-ltx 2020/08/19 v1.0a Emulation of the original atveryend package
with kernel methods
)
\Fld@listcount=\count282
\c@bookmark@seq@number=\count283
 (C:\Users\Vlad\AppData\Local\Programs\MiKTeX\tex/latex/rerunfilecheck\rerunfilecheck.sty
Package: rerunfilecheck 2022-07-10 v1.10 Rerun checks for auxiliary files (HO)
 (C:\Users\Vlad\AppData\Local\Programs\MiKTeX\tex/generic/uniquecounter\uniquecounter.sty
Package: uniquecounter 2019/12/15 v1.4 Provide unlimited unique counter (HO)
)
Package uniquecounter Info: New unique counter `rerunfilecheck' on input line 285.
)
\Hy@SectionHShift=\skip56
) (C:\Users\Vlad\AppData\Local\Programs\MiKTeX\tex/latex/psnfss\mathptmx.sty
Package: mathptmx 2020/03/25 PSNFSS-v9.3 Times w/ Math, improved (SPQR, WaS) 
LaTeX Font Info:    Redeclaring symbol font `operators' on input line 28.
LaTeX Font Info:    Overwriting symbol font `operators' in version `normal'
(Font)                  OT1/cmr/m/n --> OT1/ztmcm/m/n on input line 28.
LaTeX Font Info:    Overwriting symbol font `operators' in version `bold'
(Font)                  OT1/cmr/bx/n --> OT1/ztmcm/m/n on input line 28.
LaTeX Font Info:    Redeclaring symbol font `letters' on input line 29.
LaTeX Font Info:    Overwriting symbol font `letters' in version `normal'
(Font)                  OML/cmm/m/it --> OML/ztmcm/m/it on input line 29.
LaTeX Font Info:    Overwriting symbol font `letters' in version `bold'
(Font)                  OML/cmm/b/it --> OML/ztmcm/m/it on input line 29.
LaTeX Font Info:    Redeclaring symbol font `symbols' on input line 30.
LaTeX Font Info:    Overwriting symbol font `symbols' in version `normal'
(Font)                  OMS/cmsy/m/n --> OMS/ztmcm/m/n on input line 30.
LaTeX Font Info:    Overwriting symbol font `symbols' in version `bold'
(Font)                  OMS/cmsy/b/n --> OMS/ztmcm/m/n on input line 30.
LaTeX Font Info:    Redeclaring symbol font `largesymbols' on input line 31.
LaTeX Font Info:    Overwriting symbol font `largesymbols' in version `normal'
(Font)                  OMX/cmex/m/n --> OMX/ztmcm/m/n on input line 31.
LaTeX Font Info:    Overwriting symbol font `largesymbols' in version `bold'
(Font)                  OMX/cmex/m/n --> OMX/ztmcm/m/n on input line 31.
\symbold=\mathgroup6
\symitalic=\mathgroup7
LaTeX Font Info:    Redeclaring math alphabet \mathbf on input line 34.
LaTeX Font Info:    Overwriting math alphabet `\mathbf' in version `normal'
(Font)                  OT1/cmr/bx/n --> OT1/ptm/bx/n on input line 34.
LaTeX Font Info:    Overwriting math alphabet `\mathbf' in version `bold'
(Font)                  OT1/cmr/bx/n --> OT1/ptm/bx/n on input line 34.
LaTeX Font Info:    Redeclaring math alphabet \mathit on input line 35.
LaTeX Font Info:    Overwriting math alphabet `\mathit' in version `normal'
(Font)                  OT1/cmr/m/it --> OT1/ptm/m/it on input line 35.
LaTeX Font Info:    Overwriting math alphabet `\mathit' in version `bold'
(Font)                  OT1/cmr/bx/it --> OT1/ptm/m/it on input line 35.
LaTeX Info: Redefining \hbar on input line 50.
) (C:\Users\Vlad\AppData\Local\Programs\MiKTeX\tex/latex/geometry\geometry.sty
Package: geometry 2020/01/02 v5.9 Page Geometry
 (C:\Users\Vlad\AppData\Local\Programs\MiKTeX\tex/generic/iftex\ifvtex.sty
Package: ifvtex 2019/10/25 v1.7 ifvtex legacy package. Use iftex instead.
)
\Gm@cnth=\count284
\Gm@cntv=\count285
\c@Gm@tempcnt=\count286
\Gm@bindingoffset=\dimen156
\Gm@wd@mp=\dimen157
\Gm@odd@mp=\dimen158
\Gm@even@mp=\dimen159
\Gm@layoutwidth=\dimen160
\Gm@layoutheight=\dimen161
\Gm@layouthoffset=\dimen162
\Gm@layoutvoffset=\dimen163
\Gm@dimlist=\toks29
 (C:\Users\Vlad\AppData\Local\Programs\MiKTeX\tex/latex/geometry\geometry.cfg)) (C:\Users\Vlad\AppData\Local\Programs\MiKTeX\tex/generic/babel\babel.sty
Package: babel 2023/05/11 v3.89 The Babel package
\babel@savecnt=\count287
\U@D=\dimen164
\l@unhyphenated=\language79
 (C:\Users\Vlad\AppData\Local\Programs\MiKTeX\tex/generic/babel\txtbabel.def)
\bbl@readstream=\read2
\bbl@dirlevel=\count288

*************************************
* Local config file bblopts.cfg used
*
(C:\Users\Vlad\AppData\Local\Programs\MiKTeX\tex/latex/arabi\bblopts.cfg
File: bblopts.cfg 2005/09/08 v0.1 add Arabic and Farsi to "declared" options of babel
) (C:\Users\Vlad\AppData\Local\Programs\MiKTeX\tex/latex/babel-romanian\romanian.ldf
Language: romanian 2021/04/04 v1.2m Romanian support from the babel system
)) (C:\Users\Vlad\AppData\Local\Programs\MiKTeX\tex/generic/babel/locale/ro\babel-romanian.tex
Package babel Info: Importing font and identification data for romanian
(babel)             from babel-ro.ini. Reported on input line 11.
) (C:\Users\Vlad\AppData\Local\Programs\MiKTeX\tex/latex/float\float.sty
Package: float 2001/11/08 v1.3d Float enhancements (AL)
\c@float@type=\count289
\float@exts=\toks30
\float@box=\box53
\@float@everytoks=\toks31
\@floatcapt=\box54
) (C:\Users\Vlad\AppData\Local\Programs\MiKTeX\tex/latex/listings\listings.sty
\lst@mode=\count290
\lst@gtempboxa=\box55
\lst@token=\toks32
\lst@length=\count291
\lst@currlwidth=\dimen165
\lst@column=\count292
\lst@pos=\count293
\lst@lostspace=\dimen166
\lst@width=\dimen167
\lst@newlines=\count294
\lst@lineno=\count295
\lst@maxwidth=\dimen168
 (C:\Users\Vlad\AppData\Local\Programs\MiKTeX\tex/latex/listings\lstmisc.sty
File: lstmisc.sty 2023/02/27 1.9 (Carsten Heinz)
\c@lstnumber=\count296
\lst@skipnumbers=\count297
\lst@framebox=\box56
) (C:\Users\Vlad\AppData\Local\Programs\MiKTeX\tex/latex/listings\listings.cfg
File: listings.cfg 2023/02/27 1.9 listings configuration
))
Package: listings 2023/02/27 1.9 (Carsten Heinz)
 (C:\Users\Vlad\AppData\Local\Programs\MiKTeX\tex/latex/graphics\color.sty
Package: color 2022/01/06 v1.3d Standard LaTeX Color (DPC)
 (C:\Users\Vlad\AppData\Local\Programs\MiKTeX\tex/latex/graphics-cfg\color.cfg
File: color.cfg 2016/01/02 v1.6 sample color configuration
)
Package color Info: Driver file: pdftex.def on input line 149.
 (C:\Users\Vlad\AppData\Local\Programs\MiKTeX\tex/latex/graphics\mathcolor.ltx))
\c@thm=\count298
\c@defn=\count299
\c@rem=\count300
\c@exmp=\count301
LaTeX Font Info:    Trying to load font information for OT1+ptm on input line 21.
 (C:\Users\Vlad\AppData\Local\Programs\MiKTeX\tex/latex/psnfss\ot1ptm.fd
File: ot1ptm.fd 2001/06/04 font definitions for OT1/ptm.
) (C:\Users\Vlad\AppData\Local\Programs\MiKTeX\tex/latex/l3backend\l3backend-pdftex.def
File: l3backend-pdftex.def 2023-04-19 L3 backend support: PDF output (pdfTeX)
\l__color_backend_stack_int=\count302
\l__pdf_internal_box=\box57
) (ThesisHub.aux)
\openout1 = `ThesisHub.aux'.

LaTeX Font Info:    Checking defaults for OML/cmm/m/it on input line 21.
LaTeX Font Info:    ... okay on input line 21.
LaTeX Font Info:    Checking defaults for OMS/cmsy/m/n on input line 21.
LaTeX Font Info:    ... okay on input line 21.
LaTeX Font Info:    Checking defaults for OT1/cmr/m/n on input line 21.
LaTeX Font Info:    ... okay on input line 21.
LaTeX Font Info:    Checking defaults for T1/cmr/m/n on input line 21.
LaTeX Font Info:    ... okay on input line 21.
LaTeX Font Info:    Checking defaults for TS1/cmr/m/n on input line 21.
LaTeX Font Info:    ... okay on input line 21.
LaTeX Font Info:    Checking defaults for OMX/cmex/m/n on input line 21.
LaTeX Font Info:    ... okay on input line 21.
LaTeX Font Info:    Checking defaults for U/cmr/m/n on input line 21.
LaTeX Font Info:    ... okay on input line 21.
LaTeX Font Info:    Checking defaults for PD1/pdf/m/n on input line 21.
LaTeX Font Info:    ... okay on input line 21.
LaTeX Font Info:    Checking defaults for PU/pdf/m/n on input line 21.
LaTeX Font Info:    ... okay on input line 21.
 (C:\Users\Vlad\AppData\Local\Programs\MiKTeX\tex/context/base/mkii\supp-pdf.mkii
[Loading MPS to PDF converter (version 2006.09.02).]
\scratchcounter=\count303
\scratchdimen=\dimen169
\scratchbox=\box58
\nofMPsegments=\count304
\nofMParguments=\count305
\everyMPshowfont=\toks33
\MPscratchCnt=\count306
\MPscratchDim=\dimen170
\MPnumerator=\count307
\makeMPintoPDFobject=\count308
\everyMPtoPDFconversion=\toks34
) (C:\Users\Vlad\AppData\Local\Programs\MiKTeX\tex/latex/epstopdf-pkg\epstopdf-base.sty
Package: epstopdf-base 2020-01-24 v2.11 Base part for package epstopdf
Package epstopdf-base Info: Redefining graphics rule for `.eps' on input line 485.
 (C:\Users\Vlad\AppData\Local\Programs\MiKTeX\tex/latex/00miktex\epstopdf-sys.cfg
File: epstopdf-sys.cfg 2021/03/18 v2.0 Configuration of epstopdf for MiKTeX
))
Package hyperref Info: Link coloring OFF on input line 21.
 (ThesisHub.out) (ThesisHub.out)
\@outlinefile=\write3
\openout3 = `ThesisHub.out'.


*geometry* driver: auto-detecting
*geometry* detected driver: pdftex
*geometry* verbose mode - [ preamble ] result:
* driver: pdftex
* paper: a4paper
* layout: <same size as paper>
* layoutoffset:(h,v)=(0.0pt,0.0pt)
* modes: 
* h-part:(L,W,R)=(86.72377pt, 438.51411pt, 72.26999pt)
* v-part:(T,H,B)=(72.26999pt, 700.50687pt, 72.26999pt)
* \paperwidth=597.50787pt
* \paperheight=845.04684pt
* \textwidth=438.51411pt
* \textheight=700.50687pt
* \oddsidemargin=14.45378pt
* \evensidemargin=14.45378pt
* \topmargin=-37.0pt
* \headheight=12.0pt
* \headsep=25.0pt
* \topskip=12.0pt
* \footskip=30.0pt
* \marginparwidth=35.0pt
* \marginparsep=10.0pt
* \columnsep=10.0pt
* \skip\footins=10.8pt plus 4.0pt minus 2.0pt
* \hoffset=0.0pt
* \voffset=0.0pt
* \mag=1000
* \@twocolumnfalse
* \@twosidefalse
* \@mparswitchfalse
* \@reversemarginfalse
* (1in=72.27pt=25.4mm, 1cm=28.453pt)

\c@lstlisting=\count309
<images/FMI-03.png, id=133, 597.432pt x 597.432pt>
File: images/FMI-03.png Graphic file (type png)
<use images/FMI-03.png>
Package pdftex.def Info: images/FMI-03.png  used on input line 27.
(pdftex.def)             Requested size: 100.0pt x 99.99413pt.
[1

{C:/Users/Vlad/AppData/Local/MiKTeX/fonts/map/pdftex/pdftex.map}{C:/Users/Vlad/AppData/Local/Programs/MiKTeX/fonts/enc/dvips/base/8r.enc} <./images/FMI-03.png>] [2]
pdfTeX warning (ext4): destination with the same identifier (name{page.1}) has been already used, duplicate ignored
<to be read again> 
                   \relax 
l.126 \end{abstract}
                     [1] (ThesisHub.toc
LaTeX Font Info:    Trying to load font information for OT1+ztmcm on input line 4.
 (C:\Users\Vlad\AppData\Local\Programs\MiKTeX\tex/latex/psnfss\ot1ztmcm.fd
File: ot1ztmcm.fd 2000/01/03 Fontinst v1.801 font definitions for OT1/ztmcm.
)
LaTeX Font Info:    Trying to load font information for OML+ztmcm on input line 4.
 (C:\Users\Vlad\AppData\Local\Programs\MiKTeX\tex/latex/psnfss\omlztmcm.fd
File: omlztmcm.fd 2000/01/03 Fontinst v1.801 font definitions for OML/ztmcm.
)
LaTeX Font Info:    Trying to load font information for OMS+ztmcm on input line 4.
 (C:\Users\Vlad\AppData\Local\Programs\MiKTeX\tex/latex/psnfss\omsztmcm.fd
File: omsztmcm.fd 2000/01/03 Fontinst v1.801 font definitions for OMS/ztmcm.
)
LaTeX Font Info:    Trying to load font information for OMX+ztmcm on input line 4.
 (C:\Users\Vlad\AppData\Local\Programs\MiKTeX\tex/latex/psnfss\omxztmcm.fd
File: omxztmcm.fd 2000/01/03 Fontinst v1.801 font definitions for OMX/ztmcm.
)
LaTeX Font Info:    Font shape `OT1/ptm/bx/n' in size <12> not available
(Font)              Font shape `OT1/ptm/b/n' tried instead on input line 4.
LaTeX Font Info:    Font shape `OT1/ptm/bx/n' in size <9> not available
(Font)              Font shape `OT1/ptm/b/n' tried instead on input line 4.
LaTeX Font Info:    Font shape `OT1/ptm/bx/n' in size <7> not available
(Font)              Font shape `OT1/ptm/b/n' tried instead on input line 4.
)
\tf@toc=\write4
\openout4 = `ThesisHub.toc'.


pdfTeX warning (ext4): destination with the same identifier (name{page.1}) has been already used, duplicate ignored
<to be read again> 
                   \relax 
l.130 \newpage
               [1

]
Capitolul 1.

pdfTeX warning (ext4): destination with the same identifier (name{page.2}) has been already used, duplicate ignored
<to be read again> 
                   \relax 
l.137 \chapter
              {Solutii Similare} [2

]
Capitolul 2.
LaTeX Font Info:    Font shape `OT1/ptm/bx/n' in size <10> not available
(Font)              Font shape `OT1/ptm/b/n' tried instead on input line 141.
LaTeX Font Info:    Font shape `OT1/ptm/bx/n' in size <7.4> not available
(Font)              Font shape `OT1/ptm/b/n' tried instead on input line 141.
LaTeX Font Info:    Font shape `OT1/ptm/bx/n' in size <6> not available
(Font)              Font shape `OT1/ptm/b/n' tried instead on input line 141.
LaTeX Font Info:    Trying to load font information for TS1+ptm on input line 143.
(C:\Users\Vlad\AppData\Local\Programs\MiKTeX\tex/latex/psnfss\ts1ptm.fd
File: ts1ptm.fd 2001/06/04 font definitions for TS1/ptm.
)
Overfull \hbox (15.33167pt too wide) in paragraph at lines 143--144
[]\OT1/ptm/m/n/12 ^^Pnt[]alnirii se pot dis-cut[]a: pro-gre-sul, even-tu-ale puncte de blo-care []i su-ges-tii de []^^Pmbun[]at[]a[]ire. 
 []

[3

]
Overfull \hbox (1.01701pt too wide) in paragraph at lines 161--163
\OT1/ptm/m/n/12 O plat-form[]a de mat-ch-ma-king are ca scop fun-damen-tal po-tri-vi-rea de per-soane. Matchmaking-
 []

[4] [5]
Capitolul 3.
LaTeX Font Info:    Font shape `OT1/ptm/bx/n' in size <24.88> not available
(Font)              Font shape `OT1/ptm/b/n' tried instead on input line 173.
LaTeX Font Info:    Font shape `OT1/ptm/bx/n' in size <17.28> not available
(Font)              Font shape `OT1/ptm/b/n' tried instead on input line 173.
LaTeX Font Info:    Font shape `OT1/ptm/bx/n' in size <14.4> not available
(Font)              Font shape `OT1/ptm/b/n' tried instead on input line 173.
<images/HighLevelOverview.PNG, id=214, 760.34062pt x 423.08063pt>
File: images/HighLevelOverview.PNG Graphic file (type png)
<use images/HighLevelOverview.PNG>
Package pdftex.def Info: images/HighLevelOverview.PNG  used on input line 177.
(pdftex.def)             Requested size: 380.16937pt x 211.5398pt.
[6


pdfTeX warning (ext4): destination with the same identifier (name{figure.3.1}) has been already used, duplicate ignored
<argument> ...shipout:D \box_use:N \l_shipout_box 
                                                  \__shipout_drop_firstpage_...
l.192 \end{itemize}
                    <./images/HighLevelOverview.PNG>]
<images/StandardUserUseCase.png, id=221, 696.6025pt x 633.36626pt>
File: images/StandardUserUseCase.png Graphic file (type png)
<use images/StandardUserUseCase.png>
Package pdftex.def Info: images/StandardUserUseCase.png  used on input line 197.
(pdftex.def)             Requested size: 348.3004pt x 316.68236pt.
 [7
pdfTeX warning (ext4): destination with the same identifier (name{figure.3.2}) has been already used, duplicate ignored
<argument> ...shipout:D \box_use:N \l_shipout_box 
                                                  \__shipout_drop_firstpage_...
l.214             \item C
                         ontul acestuia trebuie să fi trecut atât de aprob... <./images/StandardUserUseCase.png>]
<images/AdminUserUseCase.png, id=229, 685.56125pt x 604.2575pt>
File: images/AdminUserUseCase.png Graphic file (type png)
<use images/AdminUserUseCase.png>
Package pdftex.def Info: images/AdminUserUseCase.png  used on input line 238.
(pdftex.def)             Requested size: 342.77979pt x 302.128pt.
 [8] [9
pdfTeX warning (ext4): destination with the same identifier (name{figure.3.3}) has been already used, duplicate ignored
<argument> ...shipout:D \box_use:N \l_shipout_box 
                                                  \__shipout_drop_firstpage_...
l.262             \item C
                         ontul acestuia trebuie să fi trecut atât de aprob... <./images/AdminUserUseCase.png>]
<images/DB_Diagram.png, id=252, 1139.25626pt x 669.50125pt>
File: images/DB_Diagram.png Graphic file (type png)
<use images/DB_Diagram.png>
Package pdftex.def Info: images/DB_Diagram.png  used on input line 301.
(pdftex.def)             Requested size: 455.69443pt x 267.79576pt.

Overfull \hbox (17.18031pt too wide) in paragraph at lines 301--302
 [][] 
 []

[10] [11
pdfTeX warning (ext4): destination with the same identifier (name{figure.3.4}) has been already used, duplicate ignored
<argument> ...shipout:D \box_use:N \l_shipout_box 
                                                  \__shipout_drop_firstpage_...
l.318 \subsubsection
                    {Comment} <./images/DB_Diagram.png>]
Overfull \hbox (20.75565pt too wide) in paragraph at lines 323--324
\OT1/ptm/m/n/12 Aceast[]a colec[]ie serve[]te func[]ionalita[]ii de me-sa-ge-rie a plat-for-mei, aici sunt sto-cate conversa[]iile
 []


Overfull \hbox (0.43999pt too wide) in paragraph at lines 327--328
\OT1/ptm/m/n/12 Aceast[]a colec[]ie sto-cheaz[]a nu-mele fi[]ierelor afe-rente plat-for-mei []i ex-ten-sia aces-tora, fi[]ierele
 []

[12] [13]
Capitolul 4.

Overfull \hbox (2.82634pt too wide) in paragraph at lines 366--373
[]\OT1/ptm/m/n/12 Un alt con-cept fun-damen-tal pen-tru re-act sunt com-po-nen-tele, aces-tea st[]and la baza oric[]arui
 []

[14

] [15]
Overfull \hbox (4.50937pt too wide) in paragraph at lines 418--421
\OT1/ptm/m/n/12 Express[[]] este un fra-mework mi-ni-ma-list []i ne-o-pi-nio-nat al nodeJS-ului de-di-cat pen-tru dezvol-
 []

[16] [17] [18]
Overfull \hbox (22.29057pt too wide) in paragraph at lines 524--526
[][][][][][][][][][][][][][][][][][][][][][][][][][][][][][][][][][][][][][][][][] 
 []

LaTeX Font Info:    Trying to load font information for OMS+ptm on input line 535.
(C:\Users\Vlad\AppData\Local\Programs\MiKTeX\tex/latex/psnfss\omsptm.fd
File: omsptm.fd 
)
LaTeX Font Info:    Font shape `OMS/ptm/m/n' in size <12> not available
(Font)              Font shape `OMS/cmsy/m/n' tried instead on input line 535.

Overfull \hbox (159.09196pt too wide) in paragraph at lines 538--539
[][][][][][][][][][][][][][][][][][][][][][][][][][][][][][][][][][][][][][][][][][][][] 
 []


Overfull \hbox (137.49174pt too wide) in paragraph at lines 539--540
[][][][][][][][][][][][][][][][][][][][][][][][][][][][][][][][][][][][][][][][][][][] 
 []


Overfull \hbox (144.69182pt too wide) in paragraph at lines 540--542
[][][][][][][][][][][][][][][][][][][][][][][][][][][][][][][][][][][][][][][][][][][][][][][][][][][] 
 []

[19]
Overfull \hbox (0.69035pt too wide) in paragraph at lines 579--580
[][][][][][][][][][][][][][][][][][][][][][][][][][] 
 []


Overfull \hbox (15.0905pt too wide) in paragraph at lines 589--590
[][][][][][][][][][][][][][][][][][][][][][][][][][][][][][][][][][][][][][][][][][][][][][][][][][][][][] 
 []


Overfull \hbox (29.49065pt too wide) in paragraph at lines 607--608
[][][][][][][][][][][][][][][][][][][][][][][][][][][][][][][] 
 []

[20] [21]
Overfull \hbox (36.69072pt too wide) in paragraph at lines 672--673
[][][][][][][][][][][][][][][][][][][][][][][][][][][][][][][] 
 []


Overfull \hbox (65.49101pt too wide) in paragraph at lines 673--674
[][][][][][][][][][][][][][][][][][][][][][][][][][][][][][] 
 []


Overfull \hbox (36.69072pt too wide) in paragraph at lines 678--679
[][][][][][][][][][][][][][][][][][][][][][][][][][][][][][][] 
 []

[22]
Overfull \hbox (18.0322pt too wide) in paragraph at lines 719--724
\OT1/ptm/m/n/12 unei ap[]as[]ari de bu-ton de c[]atre uti-li-za-tor). Co-mu-ni-ca-rea cu server-ul pen-tru func[]ionalitatea
 []

LaTeX Font Info:    Trying to load font information for OML+ptm on input line 740.
(C:\Users\Vlad\AppData\Local\Programs\MiKTeX\tex/latex/psnfss\omlptm.fd
File: omlptm.fd 
)
LaTeX Font Info:    Font shape `OML/ptm/m/n' in size <12> not available
(Font)              Font shape `OML/cmm/m/it' tried instead on input line 740.
 [23]
Overfull \hbox (22.86497pt too wide) in paragraph at lines 777--778
[][][][][][][][][][][][][][][][][][][][][][][] 
 []

[24]
Overfull \hbox (51.09087pt too wide) in paragraph at lines 801--802
[][][][][][][][][][][][][][][][][][][][][][][][][][][][][][][][][][][][][][][] 
 []

[25]
Overfull \hbox (115.89153pt too wide) in paragraph at lines 841--842
[][][][][][][][][][][][][][][] 
 []


Overfull \hbox (79.89116pt too wide) in paragraph at lines 842--843
[][][][][][][][][][][][][][][] 
 []

[26]
<images/RegisterForm.png, id=639, 472.01344pt x 704.6325pt>
File: images/RegisterForm.png Graphic file (type png)
<use images/RegisterForm.png>
Package pdftex.def Info: images/RegisterForm.png  used on input line 923.
(pdftex.def)             Requested size: 236.00613pt x 352.3154pt.
 [27]
<images/RegisterEmail.png, id=669, 918.43124pt x 339.51843pt>
File: images/RegisterEmail.png Graphic file (type png)
<use images/RegisterEmail.png>
Package pdftex.def Info: images/RegisterEmail.png  used on input line 932.
(pdftex.def)             Requested size: 459.2145pt x 169.75879pt.

Overfull \hbox (20.70038pt too wide) in paragraph at lines 932--933
 [][] 
 []

<images/SecurityKey.png, id=670, 425.33907pt x 246.9225pt>
File: images/SecurityKey.png Graphic file (type png)
<use images/SecurityKey.png>
Package pdftex.def Info: images/SecurityKey.png  used on input line 937.
(pdftex.def)             Requested size: 212.669pt x 123.46094pt.
[28
pdfTeX warning (ext4): destination with the same identifier (name{figure.4.1}) has been already used, duplicate ignored
<argument> ...shipout:D \box_use:N \l_shipout_box 
                                                  \__shipout_drop_firstpage_...
l.940 
      
pdfTeX warning (ext4): destination with the same identifier (name{figure.4.2}) has been already used, duplicate ignored
<argument> ...shipout:D \box_use:N \l_shipout_box 
                                                  \__shipout_drop_firstpage_...
l.940 
       <./images/RegisterForm.png> <./images/RegisterEmail.png>]
<images/OnboardingComplete.PNG, id=680, 915.42pt x 305.64188pt>
File: images/OnboardingComplete.PNG Graphic file (type png)
<use images/OnboardingComplete.PNG>
Package pdftex.def Info: images/OnboardingComplete.PNG  used on input line 947.
(pdftex.def)             Requested size: 457.70888pt x 152.82056pt.

Overfull \hbox (19.19476pt too wide) in paragraph at lines 947--948
 [][] 
 []

<images/LoginForm.PNG, id=681, 418.56375pt x 423.83344pt>
File: images/LoginForm.PNG Graphic file (type png)
<use images/LoginForm.PNG>
Package pdftex.def Info: images/LoginForm.PNG  used on input line 952.
(pdftex.def)             Requested size: 209.28136pt x 211.91618pt.
[29
pdfTeX warning (ext4): destination with the same identifier (name{figure.4.3}) has been already used, duplicate ignored
<argument> ...shipout:D \box_use:N \l_shipout_box 
                                                  \__shipout_drop_firstpage_...
l.955 D
       upă o autentificare reușită, utilizatorul este redirectat către p...
pdfTeX warning (ext4): destination with the same identifier (name{figure.4.4}) has been already used, duplicate ignored
<argument> ...shipout:D \box_use:N \l_shipout_box 
                                                  \__shipout_drop_firstpage_...
l.955 D
       upă o autentificare reușită, utilizatorul este redirectat către p... <./images/SecurityKey.png> <./images/OnboardingComplete.PNG>]
<images/HomePage.PNG, id=690, 712.16063pt x 706.89093pt>
File: images/HomePage.PNG Graphic file (type png)
<use images/HomePage.PNG>
Package pdftex.def Info: images/HomePage.PNG  used on input line 965.
(pdftex.def)             Requested size: 356.07944pt x 353.4446pt.
 [30
pdfTeX warning (ext4): destination with the same identifier (name{figure.4.5}) has been already used, duplicate ignored
<argument> ...shipout:D \box_use:N \l_shipout_box 
                                                  \__shipout_drop_firstpage_...
l.968 P
       latforma suportă și căutarea filtrată după propuneri, apăsând ... <./images/LoginForm.PNG>]
<images/advancedSearch.PNG, id=697, 928.21782pt x 686.565pt>
File: images/advancedSearch.PNG Graphic file (type png)
<use images/advancedSearch.PNG>
Package pdftex.def Info: images/advancedSearch.PNG  used on input line 983.
(pdftex.def)             Requested size: 464.10777pt x 343.28166pt.

Overfull \hbox (25.59366pt too wide) in paragraph at lines 983--984
 [][] 
 []

[31
pdfTeX warning (ext4): destination with the same identifier (name{figure.4.6}) has been already used, duplicate ignored
<argument> ...shipout:D \box_use:N \l_shipout_box 
                                                  \__shipout_drop_firstpage_...
l.986 A
       păsând pe una dintre propuneri, utilizatorul va fi dus către pagin... <./images/HomePage.PNG>]
<images/ProposalPage.PNG, id=704, 804.00375pt x 692.5875pt>
File: images/ProposalPage.PNG Graphic file (type png)
<use images/ProposalPage.PNG>
Package pdftex.def Info: images/ProposalPage.PNG  used on input line 1000.
(pdftex.def)             Requested size: 321.59581pt x 277.03009pt.
<images/Application.PNG, id=705, 748.29562pt x 709.90219pt>
File: images/Application.PNG Graphic file (type png)
<use images/Application.PNG>
Package pdftex.def Info: images/Application.PNG  used on input line 1005.
(pdftex.def)             Requested size: 299.31294pt x 283.95584pt.
 [32
pdfTeX warning (ext4): destination with the same identifier (name{figure.4.7}) has been already used, duplicate ignored
<argument> ...shipout:D \box_use:N \l_shipout_box 
                                                  \__shipout_drop_firstpage_...
l.1007 \end{figure}
                    <./images/advancedSearch.PNG>] [33
pdfTeX warning (ext4): destination with the same identifier (name{figure.4.8}) has been already used, duplicate ignored
<argument> ...shipout:D \box_use:N \l_shipout_box 
                                                  \__shipout_drop_firstpage_...
l.1013     \item A
                  tașamente (opțional)
pdfTeX warning (ext4): destination with the same identifier (name{figure.4.9}) has been already used, duplicate ignored
<argument> ...shipout:D \box_use:N \l_shipout_box 
                                                  \__shipout_drop_firstpage_...
l.1013     \item A
                  tașamente (opțional) <./images/ProposalPage.PNG> <./images/Application.PNG>]
<images/CreateProposalPage.PNG, id=720, 1269.24188pt x 707.64375pt>
File: images/CreateProposalPage.PNG Graphic file (type png)
<use images/CreateProposalPage.PNG>
Package pdftex.def Info: images/CreateProposalPage.PNG  used on input line 1020.
(pdftex.def)             Requested size: 507.68776pt x 283.05249pt.

Overfull \hbox (69.17365pt too wide) in paragraph at lines 1020--1021
 [][] 
 []

<images/ProposalCreated.PNG, id=721, 493.0922pt x 231.11343pt>
File: images/ProposalCreated.PNG Graphic file (type png)
<use images/ProposalCreated.PNG>
Package pdftex.def Info: images/ProposalCreated.PNG  used on input line 1025.
(pdftex.def)             Requested size: 345.16219pt x 161.77829pt.
[34
pdfTeX warning (ext4): destination with the same identifier (name{figure.4.10}) has been already used, duplicate ignored
<argument> ...shipout:D \box_use:N \l_shipout_box 
                                                  \__shipout_drop_firstpage_...
l.1036 
       
pdfTeX warning (ext4): destination with the same identifier (name{figure.4.11}) has been already used, duplicate ignored
<argument> ...shipout:D \box_use:N \l_shipout_box 
                                                  \__shipout_drop_firstpage_...
l.1036 
        <./images/CreateProposalPage.PNG> <./images/ProposalCreated.PNG>]
<images/AddUser.PNG, id=731, 1441.63594pt x 695.59875pt>
File: images/AddUser.PNG Graphic file (type png)
<use images/AddUser.PNG>
Package pdftex.def Info: images/AddUser.PNG  used on input line 1039.
(pdftex.def)             Requested size: 432.49413pt x 208.68123pt.
<images/SendMessages.PNG, id=732, 954.56625pt x 616.55344pt>
File: images/SendMessages.PNG Graphic file (type png)
<use images/SendMessages.PNG>
Package pdftex.def Info: images/SendMessages.PNG  used on input line 1049.
(pdftex.def)             Requested size: 286.37209pt x 184.96745pt.
<images/Dashboard.PNG, id=733, 804.75656pt x 405.01312pt>
File: images/Dashboard.PNG Graphic file (type png)
<use images/Dashboard.PNG>
Package pdftex.def Info: images/Dashboard.PNG  used on input line 1059.
(pdftex.def)             Requested size: 402.37729pt x 202.50606pt.
 [35
pdfTeX warning (ext4): destination with the same identifier (name{figure.4.12}) has been already used, duplicate ignored
<argument> ...shipout:D \box_use:N \l_shipout_box 
                                                  \__shipout_drop_firstpage_...
l.1061 \end{figure}
                   
pdfTeX warning (ext4): destination with the same identifier (name{figure.4.13}) has been already used, duplicate ignored
<argument> ...shipout:D \box_use:N \l_shipout_box 
                                                  \__shipout_drop_firstpage_...
l.1061 \end{figure}
                    <./images/AddUser.PNG> <./images/SendMessages.PNG>]
<images/RejectRequest.PNG, id=742, 385.44pt x 219.82124pt>
File: images/RejectRequest.PNG Graphic file (type png)
<use images/RejectRequest.PNG>
Package pdftex.def Info: images/RejectRequest.PNG  used on input line 1064.
(pdftex.def)             Requested size: 269.80615pt x 153.87381pt.
 [36
pdfTeX warning (ext4): destination with the same identifier (name{figure.4.14}) has been already used, duplicate ignored
<argument> ...shipout:D \box_use:N \l_shipout_box 
                                                  \__shipout_drop_firstpage_...
l.1067 \chapter
               {Concluzii și direcții viitoare}
pdfTeX warning (ext4): destination with the same identifier (name{figure.4.15}) has been already used, duplicate ignored
<argument> ...shipout:D \box_use:N \l_shipout_box 
                                                  \__shipout_drop_firstpage_...
l.1067 \chapter
               {Concluzii și direcții viitoare} <./images/Dashboard.PNG> <./images/RejectRequest.PNG>]
Capitolul 5.
[37

] [38] [39

] (ThesisHub.aux)
 ***********
LaTeX2e <2023-06-01>
L3 programming layer <2023-06-16>
 ***********
Package rerunfilecheck Info: File `ThesisHub.out' has not changed.
(rerunfilecheck)             Checksum: 7A3E5E0C3FF741D5D329333602F7CBD0;4915.
 ) 
Here is how much of TeX's memory you used:
 14038 strings out of 476037
 216001 string characters out of 5780323
 1900749 words of memory out of 5000000
 34138 multiletter control sequences out of 15000+600000
 563225 words of font info for 135 fonts, out of 8000000 for 9000
 1141 hyphenation exceptions out of 8191
 75i,8n,79p,1227b,2019s stack positions out of 10000i,1000n,20000p,200000b,200000s
<C:/Users/Vlad/AppData/Local/Programs/MiKTeX/fonts/type1/public/amsfonts/cm/cmmi12.pfb><C:/Users/Vlad/AppData/Local/Programs/MiKTeX/fonts/type1/public/amsfonts/cm/cmsy10.pfb><C:/Users/Vlad/AppData/Local/Programs/MiKTeX/fonts/type1/public/amsfonts/cm/cmtt12.pfb><C:/Users/Vlad/AppData/Local/Programs/MiKTeX/fonts/type1/urw/times/utmb8a.pfb><C:/Users/Vlad/AppData/Local/Programs/MiKTeX/fonts/type1/urw/times/utmbi8a.pfb><C:/Users/Vlad/AppData/Local/Programs/MiKTeX/fonts/type1/urw/times/utmr8a.pfb>
Output written on ThesisHub.pdf (42 pages, 949302 bytes).
PDF statistics:
 886 PDF objects out of 1000 (max. 8388607)
 439 named destinations out of 1000 (max. 500000)
 365 words of extra memory for PDF output out of 10000 (max. 10000000)

